<?xml version="1.0" encoding="UTF-8"?>
<!-- Generated by org.testng.reporters.JUnitReportReporter -->
<testsuite skipped="0" hostname="siddharths-MacBook-Air.local" name="Api_Response_Comparison_Utility.CompareUtil.FunctionalityTest" tests="1" failures="0" timestamp="10 Jul 2019 15:27:16 GMT" time="0.010" errors="0">
  <testcase name="testCompreUtilityFunctionality" time="0.010" classname="Api_Response_Comparison_Utility.CompareUtil.FunctionalityTest"/>
</testsuite> <!-- Api_Response_Comparison_Utility.CompareUtil.FunctionalityTest -->
