<?xml version="1.0" encoding="UTF-8"?>
<!-- Generated by org.testng.reporters.JUnitReportReporter -->
<testsuite skipped="0" hostname="siddharths-MacBook-Air.local" name="Api_Response_Comparison_Utility.CompareUtil.SampleTest" tests="1" failures="0" timestamp="10 Jul 2019 08:02:38 GMT" time="0.007" errors="0">
  <testcase name="ourTest" time="0.007" classname="Api_Response_Comparison_Utility.CompareUtil.SampleTest"/>
</testsuite> <!-- Api_Response_Comparison_Utility.CompareUtil.SampleTest -->
